[    0.000000] Initializing cgroup subsys cpuset
[    0.000000] Initializing cgroup subsys cpu
[    0.000000] Initializing cgroup subsys cpuacct
[    0.000000] Linux version 4.4.0-210-generic (buildd@lgw01-amd64-009) (gcc version 5.4.0 20160609 (Ubuntu 5.4.0-6ubuntu1~16.04.12) ) #242-Ubuntu SMP Fri Apr 16 09:57:56 UTC 2021 (Ubuntu 4.4.0-210.242-generic 4.4.262)
[    0.000000] Command line: BOOT_IMAGE=/boot/vmlinuz-4.4.0-210-generic root=LABEL=cloudimg-rootfs ro console=tty1 console=ttyS0
[    0.000000] KERNEL supported cpus:
[    0.000000]   Intel GenuineIntel
[    0.000000]   AMD AuthenticAMD
[    0.000000]   Centaur CentaurHauls
[    0.000000] x86/fpu: xstate_offset[2]:  576, xstate_sizes[2]:  256
[    0.000000] x86/fpu: Supporting XSAVE feature 0x01: 'x87 floating point registers'
[    0.000000] x86/fpu: Supporting XSAVE feature 0x02: 'SSE registers'
[    0.000000] x86/fpu: Supporting XSAVE feature 0x04: 'AVX registers'
[    0.000000] x86/fpu: Enabled xstate features 0x7, context size is 832 bytes, using 'standard' format.
[    0.000000] e820: BIOS-provided physical RAM map:
[    0.000000] BIOS-e820: [mem 0x0000000000000000-0x000000000009fbff] usable
[    0.000000] BIOS-e820: [mem 0x000000000009fc00-0x000000000009ffff] reserved
[    0.000000] BIOS-e820: [mem 0x00000000000f0000-0x00000000000fffff] reserved
[    0.000000] BIOS-e820: [mem 0x0000000000100000-0x000000003ffeffff] usable
[    0.000000] BIOS-e820: [mem 0x000000003fff0000-0x000000003fffffff] ACPI data
[    0.000000] BIOS-e820: [mem 0x00000000fec00000-0x00000000fec00fff] reserved
[    0.000000] BIOS-e820: [mem 0x00000000fee00000-0x00000000fee00fff] reserved
[    0.000000] BIOS-e820: [mem 0x00000000fffc0000-0x00000000ffffffff] reserved
[    0.000000] NX (Execute Disable) protection: active
[    0.000000] SMBIOS 2.5 present.
[    0.000000] Hypervisor detected: KVM
[    0.000000] e820: last_pfn = 0x3fff0 max_arch_pfn = 0x400000000
[    0.000000] MTRR: Disabled
[    0.000000] x86/PAT: MTRRs disabled, skipping PAT initialization too.
[    0.000000] CPU MTRRs all blank - virtualized system.
[    0.000000] x86/PAT: Configuration [0-7]: WB  WT  UC- UC  WB  WT  UC- UC  
[    0.000000] found SMP MP-table at [mem 0x0009fff0-0x0009ffff] mapped at [ffff88000009fff0]
[    0.000000] Scanning 1 areas for low memory corruption
[    0.000000] RAMDISK: [mem 0x362dc000-0x37165fff]
[    0.000000] ACPI: Early table checksum verification disabled
[    0.000000] ACPI: RSDP 0x00000000000E0000 000024 (v02 VBOX  )
[    0.000000] ACPI: XSDT 0x000000003FFF0030 00003C (v01 VBOX   VBOXXSDT 00000001 ASL  00000061)
[    0.000000] ACPI: FACP 0x000000003FFF00F0 0000F4 (v04 VBOX   VBOXFACP 00000001 ASL  00000061)
[    0.000000] ACPI: DSDT 0x000000003FFF0470 002325 (v02 VBOX   VBOXBIOS 00000002 INTL 20190509)
[    0.000000] ACPI: FACS 0x000000003FFF0200 000040
[    0.000000] ACPI: FACS 0x000000003FFF0200 000040
[    0.000000] ACPI: APIC 0x000000003FFF0240 00005C (v02 VBOX   VBOXAPIC 00000001 ASL  00000061)
[    0.000000] ACPI: SSDT 0x000000003FFF02A0 0001CC (v01 VBOX   VBOXCPUT 00000002 INTL 20190509)
[    0.000000] No NUMA configuration found
[    0.000000] Faking a node at [mem 0x0000000000000000-0x000000003ffeffff]
[    0.000000] NODE_DATA(0) allocated [mem 0x3ffeb000-0x3ffeffff]
[    0.000000] kvm-clock: Using msrs 4b564d01 and 4b564d00
[    0.000000] kvm-clock: cpu 0, msr 0:3ffe3001, primary cpu clock
[    0.000000] kvm-clock: using sched offset of 3451532442 cycles
[    0.000000] clocksource: kvm-clock: mask: 0xffffffffffffffff max_cycles: 0x1cd42e4dffb, max_idle_ns: 881590591483 ns
[    0.000000] Zone ranges:
[    0.000000]   DMA      [mem 0x0000000000001000-0x0000000000ffffff]
[    0.000000]   DMA32    [mem 0x0000000001000000-0x000000003ffeffff]
[    0.000000]   Normal   empty
[    0.000000]   Device   empty
[    0.000000] Movable zone start for each node
[    0.000000] Early memory node ranges
[    0.000000]   node   0: [mem 0x0000000000001000-0x000000000009efff]
[    0.000000]   node   0: [mem 0x0000000000100000-0x000000003ffeffff]
[    0.000000] Initmem setup node 0 [mem 0x0000000000001000-0x000000003ffeffff]
[    0.000000] ACPI: PM-Timer IO Port: 0x4008
[    0.000000] IOAPIC[0]: apic_id 2, version 32, address 0xfec00000, GSI 0-23
[    0.000000] ACPI: INT_SRC_OVR (bus 0 bus_irq 0 global_irq 2 dfl dfl)
[    0.000000] ACPI: INT_SRC_OVR (bus 0 bus_irq 9 global_irq 9 low level)
[    0.000000] Using ACPI (MADT) for SMP configuration information
[    0.000000] smpboot: Allowing 2 CPUs, 0 hotplug CPUs
[    0.000000] PM: Registered nosave memory: [mem 0x00000000-0x00000fff]
[    0.000000] PM: Registered nosave memory: [mem 0x0009f000-0x0009ffff]
[    0.000000] PM: Registered nosave memory: [mem 0x000a0000-0x000effff]
[    0.000000] PM: Registered nosave memory: [mem 0x000f0000-0x000fffff]
[    0.000000] e820: [mem 0x40000000-0xfebfffff] available for PCI devices
[    0.000000] Booting paravirtualized kernel on KVM
[    0.000000] clocksource: refined-jiffies: mask: 0xffffffff max_cycles: 0xffffffff, max_idle_ns: 7645519600211568 ns
[    0.000000] setup_percpu: NR_CPUS:512 nr_cpumask_bits:512 nr_cpu_ids:2 nr_node_ids:1
[    0.000000] PERCPU: Embedded 33 pages/cpu @ffff88003fc00000 s95192 r8192 d31784 u1048576
[    0.000000] Built 1 zonelists in Node order, mobility grouping on.  Total pages: 257912
[    0.000000] Policy zone: DMA32
[    0.000000] Kernel command line: BOOT_IMAGE=/boot/vmlinuz-4.4.0-210-generic root=LABEL=cloudimg-rootfs ro console=tty1 console=ttyS0
[    0.000000] PID hash table entries: 4096 (order: 3, 32768 bytes)
[    0.000000] Memory: 997792K/1048120K available (8644K kernel code, 1332K rwdata, 4044K rodata, 1492K init, 1164K bss, 50328K reserved, 0K cma-reserved)
[    0.000000] SLUB: HWalign=64, Order=0-3, MinObjects=0, CPUs=2, Nodes=1
[    0.000000] Kernel/User page tables isolation: enabled
[    0.000000] Hierarchical RCU implementation.
[    0.000000] 	Build-time adjustment of leaf fanout to 64.
[    0.000000] 	RCU restricting CPUs from NR_CPUS=512 to nr_cpu_ids=2.
[    0.000000] RCU: Adjusting geometry for rcu_fanout_leaf=64, nr_cpu_ids=2
[    0.000000] NR_IRQS:33024 nr_irqs:440 16
[    0.000000] Console: colour VGA+ 80x25
[    0.000000] console [tty1] enabled
[    0.000000] console [ttyS0] enabled
[    0.000000] tsc: Detected 2303.998 MHz processor
[    0.173053] Calibrating delay loop (skipped) preset value.. 4607.99 BogoMIPS (lpj=9215992)
[    0.175011] pid_max: default: 32768 minimum: 301
[    0.176097] ACPI: Core revision 20150930
[    0.177909] ACPI: 2 ACPI AML tables successfully acquired and loaded
[    0.179409] Security Framework initialized
[    0.180418] Yama: becoming mindful.
[    0.181277] AppArmor: AppArmor initialized
[    0.182264] Dentry cache hash table entries: 131072 (order: 8, 1048576 bytes)
[    0.184622] Inode-cache hash table entries: 65536 (order: 7, 524288 bytes)
[    0.186022] Mount-cache hash table entries: 2048 (order: 2, 16384 bytes)
[    0.187761] Mountpoint-cache hash table entries: 2048 (order: 2, 16384 bytes)
[    0.189377] Initializing cgroup subsys io
[    0.190871] Initializing cgroup subsys memory
[    0.192227] Initializing cgroup subsys devices
[    0.193388] Initializing cgroup subsys freezer
[    0.194627] Initializing cgroup subsys net_cls
[    0.195670] Initializing cgroup subsys perf_event
[    0.196836] Initializing cgroup subsys net_prio
[    0.197875] Initializing cgroup subsys hugetlb
[    0.198963] Initializing cgroup subsys pids
[    0.209923] mce: CPU supports 0 MCE banks
[    0.211092] Last level iTLB entries: 4KB 128, 2MB 8, 4MB 8
[    0.212621] Last level dTLB entries: 4KB 64, 2MB 0, 4MB 0, 1GB 4
[    0.213790] Spectre V1 : Mitigation: usercopy/swapgs barriers and __user pointer sanitization
[    0.215691] Spectre V2 : Mitigation: Full generic retpoline
[    0.217023] Spectre V2 : Spectre v2 / SpectreRSB mitigation: Filling RSB on context switch
[    0.218774] Speculative Store Bypass: Vulnerable
[    0.219940] SRBDS: Unknown: Dependent on hypervisor status
[    0.221447] MDS: Mitigation: Clear CPU buffers
[    0.225611] Freeing SMP alternatives memory: 36K
[    0.232987] ftrace: allocating 32380 entries in 127 pages
[    0.294350] smpboot: APIC(0) Converting physical 0 to logical package 0
[    0.295686] smpboot: Max logical packages: 1
[    0.296980] x2apic enabled
[    0.297935] Switched APIC routing to physical x2apic.
[    0.300014] ..TIMER: vector=0x30 apic1=0 pin1=2 apic2=-1 pin2=-1
[    0.409460] smpboot: CPU0: Intel(R) Core(TM) i5-6300HQ CPU @ 2.30GHz (family: 0x6, model: 0x5e, stepping: 0x3)
[    0.412020] Performance Events: unsupported p6 CPU model 94 no PMU driver, software events only.
[    0.425233] KVM setup paravirtual spinlock
[    0.427023] x86: Booting SMP configuration:
[    0.428077] .... node  #0, CPUs:      #1
[    0.429358] kvm-clock: cpu 1, msr 0:3ffe3041, secondary cpu clock
[    0.440354] mce: CPU supports 0 MCE banks
[    0.443069] x86: Booted up 1 node, 2 CPUs
[    0.444127] smpboot: Total of 2 processors activated (9215.99 BogoMIPS)
[    0.446631] devtmpfs: initialized
[    0.449325] evm: security.selinux
[    0.450240] evm: security.SMACK64
[    0.451123] evm: security.SMACK64EXEC
[    0.452025] evm: security.SMACK64TRANSMUTE
[    0.453031] evm: security.SMACK64MMAP
[    0.454060] evm: security.ima
[    0.454952] evm: security.capability
[    0.456094] clocksource: jiffies: mask: 0xffffffff max_cycles: 0xffffffff, max_idle_ns: 7645041785100000 ns
[    0.458090] futex hash table entries: 512 (order: 3, 32768 bytes)
[    0.459730] pinctrl core: initialized pinctrl subsystem
[    0.460951] RTC time: 14:29:16, date: 11/24/21
[    0.462273] NET: Registered protocol family 16
[    0.479675] cpuidle: using governor ladder
[    0.490379] cpuidle: using governor menu
[    0.491361] PCCT header not found.
[    0.492391] ACPI: bus type PCI registered
[    0.493266] acpiphp: ACPI Hot Plug PCI Controller Driver version: 0.5
[    0.494651] PCI: Using configuration type 1 for base access
[    0.509862] ACPI: Added _OSI(Module Device)
[    0.512790] ACPI: Added _OSI(Processor Device)
[    0.515584] ACPI: Added _OSI(3.0 _SCP Extensions)
[    0.518466] ACPI: Added _OSI(Processor Aggregator Device)
[    0.523855] ACPI: Executed 1 blocks of module-level executable AML code
[    0.532694] ACPI: Interpreter enabled
[    0.534406] ACPI: (supports S0 S5)
[    0.535643] ACPI: Using IOAPIC for interrupt routing
[    0.537458] PCI: Using host bridge windows from ACPI; if necessary, use "pci=nocrs" and report a bug
[    0.544672] ACPI: PCI Root Bridge [PCI0] (domain 0000 [bus 00-ff])
[    0.545959] acpi PNP0A03:00: _OSC: OS supports [ASPM ClockPM Segments MSI]
[    0.547690] acpi PNP0A03:00: _OSC: not requesting OS control; OS requires [ExtendedConfig ASPM ClockPM MSI]
[    0.549663] acpi PNP0A03:00: fail to add MMCONFIG information, can't access extended PCI configuration space under this bridge.
[    0.552116] PCI host bridge to bus 0000:00
[    0.553069] pci_bus 0000:00: root bus resource [io  0x0000-0x0cf7 window]
[    0.555444] pci_bus 0000:00: root bus resource [io  0x0d00-0xffff window]
[    0.556933] pci_bus 0000:00: root bus resource [mem 0x000a0000-0x000bffff window]
[    0.558943] pci_bus 0000:00: root bus resource [mem 0x40000000-0xfdffffff window]
[    0.560820] pci_bus 0000:00: root bus resource [bus 00-ff]
[    0.566924] pci 0000:00:01.1: legacy IDE quirk: reg 0x10: [io  0x01f0-0x01f7]
[    0.568930] pci 0000:00:01.1: legacy IDE quirk: reg 0x14: [io  0x03f6]
[    0.570432] pci 0000:00:01.1: legacy IDE quirk: reg 0x18: [io  0x0170-0x0177]
[    0.580991] pci 0000:00:01.1: legacy IDE quirk: reg 0x1c: [io  0x0376]
[    0.596848] pci 0000:00:07.0: quirk: [io  0x4000-0x403f] claimed by PIIX4 ACPI
[    0.598817] pci 0000:00:07.0: quirk: [io  0x4100-0x410f] claimed by PIIX4 SMB
[    0.604930] ACPI: PCI Interrupt Link [LNKA] (IRQs 5 9 10 *11)
[    0.606850] ACPI: PCI Interrupt Link [LNKB] (IRQs 5 9 *10 11)
[    0.608485] ACPI: PCI Interrupt Link [LNKC] (IRQs 5 *9 10 11)
[    0.610294] ACPI: PCI Interrupt Link [LNKD] (IRQs 5 9 10 *11)
[    0.612033] ACPI: Enabled 2 GPEs in block 00 to 07
[    0.615309] vgaarb: setting as boot device: PCI:0000:00:02.0
[    0.616979] vgaarb: device added: PCI:0000:00:02.0,decodes=io+mem,owns=io+mem,locks=none
[    0.618765] vgaarb: loaded
[    0.619453] vgaarb: bridge control possible 0000:00:02.0
[    0.621073] SCSI subsystem initialized
[    0.622171] ACPI: bus type USB registered
[    0.623196] usbcore: registered new interface driver usbfs
[    0.624453] usbcore: registered new interface driver hub
[    0.625514] usbcore: registered new device driver usb
[    0.627640] PCI: Using ACPI for IRQ routing
[    0.629070] NetLabel: Initializing
[    0.629934] NetLabel:  domain hash size = 128
[    0.631100] NetLabel:  protocols = UNLABELED CIPSOv4
[    0.632161] NetLabel:  unlabeled traffic allowed by default
[    0.633834] amd_nb: Cannot enumerate AMD northbridges
[    0.635010] clocksource: Switched to clocksource kvm-clock
[    0.642419] AppArmor: AppArmor Filesystem Enabled
[    0.643605] pnp: PnP ACPI init
[    0.645192] pnp: PnP ACPI: found 3 devices
[    0.655549] clocksource: acpi_pm: mask: 0xffffff max_cycles: 0xffffff, max_idle_ns: 2085701024 ns
[    0.657519] NET: Registered protocol family 2
[    0.658706] TCP established hash table entries: 8192 (order: 4, 65536 bytes)
[    0.660121] TCP bind hash table entries: 8192 (order: 5, 131072 bytes)
[    0.661712] TCP: Hash tables configured (established 8192 bind 8192)
[    0.663170] UDP hash table entries: 512 (order: 2, 16384 bytes)
[    0.664586] UDP-Lite hash table entries: 512 (order: 2, 16384 bytes)
[    0.665962] NET: Registered protocol family 1
[    0.666905] pci 0000:00:00.0: Limiting direct PCI/PCI transfers
[    0.668062] pci 0000:00:01.0: Activating ISA DMA hang workarounds
[    0.669354] Unpacking initramfs...
[    0.886081] Freeing initrd memory: 14888K
[    0.887414] clocksource: tsc: mask: 0xffffffffffffffff max_cycles: 0x2135f5e6f15, max_idle_ns: 440795231538 ns
[    0.890052] platform rtc_cmos: registered platform RTC device (no PNP device found)
[    0.892000] Scanning for low memory corruption every 60 seconds
[    0.893760] audit: initializing netlink subsys (disabled)
[    0.894922] audit: type=2000 audit(1637764162.607:1): initialized
[    0.896581] Initialise system trusted keyring
[    0.897826] HugeTLB registered 2 MB page size, pre-allocated 0 pages
[    0.900707] zbud: loaded
[    0.901711] VFS: Disk quotas dquot_6.6.0
[    0.902815] VFS: Dquot-cache hash table entries: 512 (order 0, 4096 bytes)
[    0.904675] squashfs: version 4.0 (2009/01/31) Phillip Lougher
[    0.906121] fuse init (API version 7.23)
[    0.907168] Key type big_key registered
[    0.908077] Allocating IMA MOK and blacklist keyrings.
[    0.909817] Key type asymmetric registered
[    0.910768] Asymmetric key parser 'x509' registered
[    0.911976] Block layer SCSI generic (bsg) driver version 0.4 loaded (major 249)
[    0.913673] io scheduler noop registered
[    0.914611] io scheduler deadline registered (default)
[    0.915845] io scheduler cfq registered
[    0.916838] pci_hotplug: PCI Hot Plug PCI Core version: 0.5
[    0.917902] pciehp: PCI Express Hot Plug Controller Driver version: 0.4
[    0.919450] ACPI: AC Adapter [AC] (on-line)
[    0.920478] input: Power Button as /devices/LNXSYSTM:00/LNXPWRBN:00/input/input0
[    0.922199] ACPI: Power Button [PWRF]
[    0.923068] input: Sleep Button as /devices/LNXSYSTM:00/LNXSLPBN:00/input/input1
[    0.924779] ACPI: Sleep Button [SLPF]
[    0.925882] GHES: HEST is not enabled!
[    0.926641] ACPI: Battery Slot [BAT0] (battery present)
[    0.928101] Serial: 8250/16550 driver, 32 ports, IRQ sharing enabled
[    0.949840] 00:02: ttyS0 at I/O 0x3f8 (irq = 4, base_baud = 115200) is a 16550A
[    0.954260] Linux agpgart interface v0.103
[    0.956988] loop: module loaded
[    0.958283] scsi host0: ata_piix
[    0.959206] scsi host1: ata_piix
[    0.960000] ata1: PATA max UDMA/33 cmd 0x1f0 ctl 0x3f6 bmdma 0xd000 irq 14
[    0.961320] ata2: PATA max UDMA/33 cmd 0x170 ctl 0x376 bmdma 0xd008 irq 15
[    0.962686] libphy: Fixed MDIO Bus: probed
[    0.963887] tun: Universal TUN/TAP device driver, 1.6
[    0.966019] tun: (C) 1999-2004 Max Krasnyansky <maxk@qualcomm.com>
[    0.968558] PPP generic driver version 2.4.2
[    0.969581] ehci_hcd: USB 2.0 'Enhanced' Host Controller (EHCI) Driver
[    0.971040] ehci-pci: EHCI PCI platform driver
[    0.972073] ehci-platform: EHCI generic platform driver
[    0.973170] ohci_hcd: USB 1.1 'Open' Host Controller (OHCI) Driver
[    0.974473] ohci-pci: OHCI PCI platform driver
[    0.975478] ohci-platform: OHCI generic platform driver
[    0.976743] uhci_hcd: USB Universal Host Controller Interface driver
[    0.978196] i8042: PNP: PS/2 Controller [PNP0303:PS2K,PNP0f03:PS2M] at 0x60,0x64 irq 1,12
[    0.980454] serio: i8042 KBD port at 0x60,0x64 irq 1
[    0.981544] serio: i8042 AUX port at 0x60,0x64 irq 12
[    0.982805] mousedev: PS/2 mouse device common for all mice
[    0.984521] input: AT Translated Set 2 keyboard as /devices/platform/i8042/serio0/input/input2
[    0.986728] rtc_cmos rtc_cmos: rtc core: registered rtc_cmos as rtc0
[    0.988818] rtc_cmos rtc_cmos: alarms up to one day, 114 bytes nvram
[    0.990149] i2c /dev entries driver
[    0.991220] device-mapper: uevent: version 1.0.3
[    0.992374] device-mapper: ioctl: 4.34.0-ioctl (2015-10-28) initialised: dm-devel@redhat.com
[    0.994456] ledtrig-cpu: registered to indicate activity on CPUs
[    0.996270] NET: Registered protocol family 10
[    0.997511] NET: Registered protocol family 17
[    0.998474] Key type dns_resolver registered
[    0.999952] registered taskstats version 1
[    1.000837] Loading compiled-in X.509 certificates
[    1.002469] Loaded X.509 cert 'Build time autogenerated kernel key: cf00e047681d67edb2720680708b7d9498083038'
[    1.004834] zswap: loaded using pool lzo/zbud
[    1.007766] Key type trusted registered
[    1.011869] Key type encrypted registered
[    1.012816] AppArmor: AppArmor sha1 policy hashing enabled
[    1.013906] ima: No TPM chip found, activating TPM-bypass!
[    1.015072] ima: Allocated hash algorithm: sha1
[    1.016410] evm: HMAC attrs: 0x1
[    1.017643]   Magic number: 13:246:486
[    1.018573] rtc_cmos rtc_cmos: setting system clock to 2021-11-24 14:29:17 UTC (1637764157)
[    1.020745] BIOS EDD facility v0.16 2004-Jun-25, 0 devices found
[    1.022007] EDD information not available.
[    1.148266] Freeing unused kernel memory: 1492K
[    1.151430] Write protecting the kernel read-only data: 14336k
[    1.156195] Freeing unused kernel memory: 1584K
[    1.162462] Freeing unused kernel memory: 52K
Loading, please wait...
starting version 229
[    1.188447] random: systemd-udevd: uninitialized urandom read (16 bytes read, 3 bits of entropy available)
[    1.189393] random: udevadm: uninitialized urandom read (16 bytes read, 3 bits of entropy available)
[    1.189431] random: udevadm: uninitialized urandom read (16 bytes read, 3 bits of entropy available)
[    1.197706] random: systemd-udevd: uninitialized urandom read (16 bytes read, 3 bits of entropy available)
[    1.199951] random: systemd-udevd: uninitialized urandom read (16 bytes read, 3 bits of entropy available)
[    1.204658] random: systemd-udevd: uninitialized urandom read (16 bytes read, 3 bits of entropy available)
[    1.206066] random: udevadm: uninitialized urandom read (16 bytes read, 3 bits of entropy available)
[    1.206120] random: udevadm: uninitialized urandom read (16 bytes read, 3 bits of entropy available)
[    1.206277] random: udevadm: uninitialized urandom read (16 bytes read, 3 bits of entropy available)
[    1.206337] random: udevadm: uninitialized urandom read (16 bytes read, 3 bits of entropy available)
[    1.259918] e1000: Intel(R) PRO/1000 Network Driver - version 7.3.21-k8-NAPI
[    1.261588] e1000: Copyright (c) 1999-2006 Intel Corporation.
[    1.263456] Fusion MPT base driver 3.04.20
[    1.264755] Copyright (c) 1999-2008 LSI Corporation
[    1.271182] Fusion MPT SPI Host driver 3.04.20
[    1.290799] AVX2 version of gcm_enc/dec engaged.
[    1.291946] AES CTR mode by8 optimization enabled
[    1.490394] input: ImExPS/2 Generic Explorer Mouse as /devices/platform/i8042/serio1/input/input4
[    1.624212] e1000 0000:00:03.0 eth0: (PCI:33MHz:32-bit) 02:be:82:6b:cc:1d
[    1.626676] e1000 0000:00:03.0 eth0: Intel(R) PRO/1000 Network Connection
[    1.630366] mptbase: ioc0: Initiating bringup
[    1.632554] e1000 0000:00:03.0 enp0s3: renamed from eth0
[    1.903867] ioc0: LSI53C1030 A0: Capabilities={Initiator}
[    3.542599] scsi host2: ioc0: LSI53C1030 A0, FwRev=00000000h, Ports=1, MaxQ=256, IRQ=20
[    4.843668] scsi 2:0:0:0: Direct-Access     VBOX     HARDDISK         1.0  PQ: 0 ANSI: 5
[    4.850455] scsi target2:0:0: Beginning Domain Validation
[    4.860203] scsi target2:0:0: Domain Validation skipping write tests
[    4.864162] scsi target2:0:0: Ending Domain Validation
[    4.867387] scsi target2:0:0: asynchronous
[    4.870935] scsi 2:0:1:0: Direct-Access     VBOX     HARDDISK         1.0  PQ: 0 ANSI: 5
[    4.875769] scsi target2:0:1: Beginning Domain Validation
[    4.879418] scsi target2:0:1: Domain Validation skipping write tests
[    4.881489] scsi target2:0:1: Ending Domain Validation
[    4.895109] scsi target2:0:1: asynchronous
[    4.900613] sd 2:0:0:0: Attached scsi generic sg0 type 0
[    4.901811] sd 2:0:0:0: [sda] 83886080 512-byte logical blocks: (42.9 GB/40.0 GiB)
[    4.904099] sd 2:0:1:0: Attached scsi generic sg1 type 0
[    4.904224] sd 2:0:0:0: [sda] Write Protect is off
[    4.905292] sd 2:0:1:0: [sdb] 20480 512-byte logical blocks: (10.5 MB/10.0 MiB)
[    4.906374] sd 2:0:0:0: [sda] Incomplete mode parameter data
[    4.906375] sd 2:0:0:0: [sda] Assuming drive cache: write through
[    4.909365] sd 2:0:1:0: [sdb] Write Protect is off
[    4.911758] sd 2:0:1:0: [sdb] Incomplete mode parameter data
[    4.913182] sd 2:0:1:0: [sdb] Assuming drive cache: write through
[    4.928826]  sda: sda1
[    4.934693] sd 2:0:0:0: [sda] Attached SCSI disk
[    4.956925] sd 2:0:1:0: [sdb] Attached SCSI disk
Begin: Loading essential drivers ... [    6.368820] md: linear personality registered for level -1
[    6.372632] md: multipath personality registered for level -4
[    6.377969] md: raid0 personality registered for level 0
[    6.382401] md: raid1 personality registered for level 1
[    6.455096] raid6: sse2x1   gen() 10589 MB/s
[    6.523104] raid6: sse2x1   xor()  7729 MB/s
[    6.591112] raid6: sse2x2   gen() 12556 MB/s
[    6.659109] raid6: sse2x2   xor()  9148 MB/s
[    6.727093] raid6: sse2x4   gen() 13646 MB/s
[    6.795079] raid6: sse2x4   xor()  7080 MB/s
[    6.863083] raid6: avx2x1   gen() 18202 MB/s
[    6.931097] raid6: avx2x2   gen() 24574 MB/s
[    6.999095] raid6: avx2x4   gen() 25969 MB/s
[    7.000126] raid6: using algorithm avx2x4 gen() 25969 MB/s
[    7.001314] raid6: using avx2x2 recovery algorithm
[    7.004055] xor: automatically using best checksumming function:
[    7.089615]    avx       : 91895.000 MB/sec
[    7.092264] async_tx: api initialized (async)
[    7.103981] md: raid6 personality registered for level 6
[    7.105196] md: raid5 personality registered for level 5
[    7.106359] md: raid4 personality registered for level 4
[    7.113786] md: raid10 personality registered for level 10
done.
Begin: Running /scripts/init-premount ... done.
Begin: Mounting root file system ... Begin: Running /scripts/local-top ... done.
Begin: Running /scripts/local-premount ... [    7.146403] Btrfs loaded
Scanning for Btrfs filesystems
done.
Warning: fsck not present, so skipping root file system
[    7.198264] EXT4-fs (sda1): mounted filesystem with ordered data mode. Opts: (null)
done.
Begin: Running /scripts/local-bottom ... done.
Begin: Running /scripts/init-bottom ... done.
[    7.724004] systemd[1]: systemd 229 running in system mode. (+PAM +AUDIT +SELINUX +IMA +APPARMOR +SMACK +SYSVINIT +UTMP +LIBCRYPTSETUP +GCRYPT +GNUTLS +ACL +XZ -LZ4 +SECCOMP +BLKID +ELFUTILS +KMOD -IDN)
[    7.734446] systemd[1]: Detected virtualization oracle.
[    7.737757] systemd[1]: Detected architecture x86-64.

Welcome to [1mUbuntu 16.04.7 LTS[0m!

[    7.764498] systemd[1]: Set hostname to <ubuntu>.
[    7.782175] systemd[1]: Initializing machine ID from random generator.
[    7.786327] systemd[1]: Installed transient /etc/machine-id file.
[    8.150784] random: nonblocking pool is initialized
[    8.523091] systemd[1]: Listening on LVM2 metadata daemon socket.
[[0;32m  OK  [0m] Listening on LVM2 metadata daemon socket.
[    8.529261] systemd[1]: Listening on Journal Socket.
[[0;32m  OK  [0m] Listening on Journal Socket.
[    8.534451] systemd[1]: Listening on Device-mapper event daemon FIFOs.
[[0;32m  OK  [0m] Listening on Device-mapper event daemon FIFOs.
[    8.541334] systemd[1]: Started Forward Password Requests to Wall Directory Watch.
[[0;32m  OK  [0m] Started Forward Password Requests to Wall Directory Watch.
[    8.548155] systemd[1]: Listening on udev Control Socket.
[[0;32m  OK  [0m] Listening on udev Control Socket.
[    8.551661] systemd[1]: Listening on Syslog Socket.
[[0;32m  OK  [0m] Listening on Syslog Socket.
[    8.559442] systemd[1]: Listening on fsck to fsckd communication Socket.
[[0;32m  OK  [0m] Listening on fsck to fsckd communication Socket.
[    8.571610] systemd[1]: Listening on udev Kernel Socket.
[[0;32m  OK  [0m] Listening on udev Kernel Socket.
[    8.577662] systemd[1]: Listening on LVM2 poll daemon socket.
[[0;32m  OK  [0m] Listening on LVM2 poll daemon socket.
[    8.583694] systemd[1]: Started Trigger resolvconf update for networkd DNS.
[[0;32m  OK  [0m] Started Trigger resolvconf update for networkd DNS.
[    8.590570] systemd[1]: Created slice System Slice.
[[0;32m  OK  [0m] Created slice System Slice.
[    8.607764] systemd[1]: Starting Set console keymap...
         Starting Set console keymap...
[    8.615182] systemd[1]: Mounting POSIX Message Queue File System...
         Mounting POSIX Message Queue File System...
[    8.623364] systemd[1]: Starting Uncomplicated firewall...
         Starting Uncomplicated firewall...
[    8.629344] systemd[1]: Starting Create list of required static device nodes for the current kernel...
         Starting Create list of required st... nodes for the current kernel...
[    8.642307] systemd[1]: Mounting Huge Pages File System...
         Mounting Huge Pages File System...
[    8.648495] systemd[1]: Starting File System Check on Root Device...
         Starting File System Check on Root Device...
[    8.653163] systemd[1]: Reached target Encrypted Volumes.
[[0;32m  OK  [0m] Reached target Encrypted Volumes.
[    8.658260] systemd[1]: Created slice system-serial\x2dgetty.slice.
[[0;32m  OK  [0m] Created slice system-serial\x2dgetty.slice.
[    8.662563] systemd[1]: Listening on Journal Socket (/dev/log).
[[0;32m  OK  [0m] Listening on Journal Socket (/dev/log).
[    8.667209] systemd[1]: Set up automount Arbitrary Executable File Formats File System Automount Point.
[[0;32m  OK  [0m] Set up automount Arbitrary Executab...ats File System Automount Point.
[    8.809324] systemd[1]: Listening on /dev/initctl Compatibility Named Pipe.
[[0;32m  OK  [0m] Listening on /dev/initctl Compatibility Named Pipe.
[    8.817324] systemd[1]: Listening on Journal Audit Socket.
[[0;32m  OK  [0m] Listening on Journal Audit Socket.
[    8.839702] systemd[1]: Starting Journal Service...
         Starting Journal Service...
[    8.852524] systemd[1]: Created slice User and Session Slice.
[[0;32m  OK  [0m] Created slice User and Session Slice.
[    8.859719] systemd[1]: Reached target Slices.
[[0;32m  OK  [0m] Reached target Slices.
[    8.887246] systemd[1]: Mounting Debug File System...
         Mounting Debug File System...
[    8.903777] systemd[1]: Starting Load Kernel Modules...
         Starting Load Kernel Modules...
[    8.905717] systemd[1]: Reached target Swap.
[[0;32m  OK  [0m] Reached target Swap.
[    8.907970] systemd[1]: Starting Nameserver information manager...
         Starting Nameserver information manager...
[    8.910135] systemd[1]: Reached target User and Group Name Lookups.
[[0;32m  OK  [0m] Reached target User and Group Name Lookups.
[    8.912886] systemd[1]: Starting Monitoring of LVM2 mirrors, snapshots etc. using dmeventd or progress polling...
         Starting Monitoring of LVM2 mirrors... dmeventd or progress polling...
[    8.915919] systemd[1]: Reached target System Time Synchronized.
[[0;32m  OK  [0m] Reached target System Time Synchronized.
[    8.921726] systemd[1]: Mounted Huge Pages File System.
[[0;32m  OK  [0m] Mounted Huge Pages File System.
[    8.923477] systemd[1]: Mounted POSIX Message Queue File System.
[[0;32m  OK  [0m] Mounted POSIX Message Queue File System.
[    8.925504] systemd[1]: Mounted Debug File System.
[[0;32m  OK  [0m] Mounted Debug File System.
[    8.931855] systemd[1]: Started Set console keymap.
[[0;32m  OK  [0m] Started Set console keymap.
[    8.935113] systemd[1]: Started Uncomplicated firewall.
[[0;32m  OK  [0m] Started Uncomplicated firewall.
[    8.937901] systemd[1]: Started Create list of required static device nodes for the current kernel.
[[0;32m  OK  [0m] Started Create list of required sta...ce nodes for the current kernel.
[    8.957933] systemd[1]: Started File System Check Daemon to report status.
[[0;32m  OK  [0m] Started File System Check Daemon to report status.
[    8.964052] systemd[1]: Starting Create Static Device Nodes in /dev...
         Starting Create Static Device Nodes in /dev...
[    8.967896] systemd[1]: Started File System Check on Root Device.
[[0;32m  OK  [0m] Started File System Check on Root Device.
[    8.976342] systemd[1]: Starting Remount Root and Kernel File Systems...
         Starting Remount Root and Kernel File Systems...
[    8.979922] systemd[1]: Started Nameserver information manager.
[[0;32m  OK  [0m] Started Nameserver information manager.
[    9.000213] EXT4-fs (sda1): re-mounted. Opts: (null)
[    9.004193] systemd[1]: Started Remount Root and Kernel File Systems.
[[0;32m  OK  [0m] Started Remount Root and Kernel File Systems.
[    9.007310] systemd[1]: Starting Load/Save Random Seed...
         Starting Load/Save Random Seed...
[    9.016630] Loading iSCSI transport class v2.0-870.
[    9.022691] systemd[1]: Starting udev Coldplug all Devices...
         Starting udev Coldplug all Devices...
[    9.025747] systemd[1]: Started Journal Service.
[[0;32m  OK  [0m] Started Journal Service.
         Starting Flush Journal to Persistent Storage...
[[0;32m  OK  [0m] Started Load/Save Random Seed.
[    9.088559] iscsi: registered transport (tcp)
[    9.092531] systemd-journald[391]: Received request to flush runtime journal from PID 1
[[0;32m  OK  [0m] Started udev Coldplug all Devices.
[[0;32m  OK  [0m] Started Flush Journal to Persistent Storage.
[    9.289961] iscsi: registered transport (iser)
[[0;32m  OK  [0m] Started LVM2 metadata daemon.
[[0;32m  OK  [0m] Started Load Kernel Modules.
         Starting Apply Kernel Variables...
         Mounting FUSE Control File System...
[[0;32m  OK  [0m] Started Create Static Device Nodes in /dev.
[[0;32m  OK  [0m] Mounted FUSE Control File System.
         Starting udev Kernel Device Manager...
[[0;32m  OK  [0m] Started Apply Kernel Variables.
[[0;32m  OK  [0m] Started Monitoring of LVM2 mirrors,...ng dmeventd or progress polling.
[[0;32m  OK  [0m] Reached target Local File Systems (Pre).
[[0;32m  OK  [0m] Reached target Local File Systems.
         Starting Tell Plymouth To Write Out Runtime Data...
         Starting Set console font and keymap...
         Starting Initial cloud-init job (pre-networking)...
         Starting Commit a transient machine-id on disk...
         Starting LSB: AppArmor initialization...
         Starting Create Volatile Files and Directories...
[[0;32m  OK  [0m] Started Tell Plymouth To Write Out Runtime Data.
[[0;32m  OK  [0m] Started udev Kernel Device Manager.
[[0;32m  OK  [0m] Started Dispatch Password Requests to Console Directory Watch.
[[0;32m  OK  [0m] Started Commit a transient machine-id on disk.
[[0;32m  OK  [0m] Started Create Volatile Files and Directories.
         Starting Update UTMP about System Boot/Shutdown...
[[0;32m  OK  [0m] Started Update UTMP about System Boot/Shutdown.
[[0;32m  OK  [0m] Found device /dev/ttyS0.
[[0;32m  OK  [0m] Listening on Load/Save RF Kill Switch Status /dev/rfkill Watch.
[[0;32m  OK  [0m] Started Set console font and keymap.
[[0;32m  OK  [0m] Created slice system-getty.slice.
[[0;32m  OK  [0m] Started LSB: AppArmor initialization.
         Starting Load AppArmor profiles managed internally by snapd...
[[0;32m  OK  [0m] Started Load AppArmor profiles managed internally by snapd.
[   12.952822] cloud-init[482]: Cloud-init v. 21.1-19-gbad84ad4-0ubuntu1~16.04.2 running 'init-local' at Wed, 24 Nov 2021 14:29:29 +0000. Up 12.35 seconds.
[[0;32m  OK  [0m] Started Initial cloud-init job (pre-networking).
[[0;32m  OK  [0m] Reached target Network (Pre).
         Starting Raise network interfaces...
[[0;32m  OK  [0m] Started Raise network interfaces.
         Starting Initial cloud-init job (metadata service crawler)...
[[0;32m  OK  [0m] Reached target Network.
[   15.297326] cloud-init[956]: Cloud-init v. 21.1-19-gbad84ad4-0ubuntu1~16.04.2 running 'init' at Wed, 24 Nov 2021 14:29:30 +0000. Up 13.58 seconds.
[   15.299274] cloud-init[956]: ci-info: ++++++++++++++++++++++++++++++++++++++Net device info++++++++++++++++++++++++++++++++++++++
[   15.300840] cloud-init[956]: ci-info: +--------+------+----------------------------+---------------+--------+-------------------+
[   15.302746] cloud-init[956]: ci-info: | Device |  Up  |          Address           |      Mask     | Scope  |     Hw-Address    |
[   15.304410] cloud-init[956]: ci-info: +--------+------+----------------------------+---------------+--------+-------------------+
[   15.306072] cloud-init[956]: ci-info: | enp0s3 | True |         10.0.2.15          | 255.255.255.0 | global | 02:be:82:6b:cc:1d |
[   15.307672] cloud-init[956]: ci-info: | enp0s3 | True | fe80::be:82ff:fe6b:cc1d/64 |       .       |  link  | 02:be:82:6b:cc:1d |
[   15.309540] cloud-init[956]: ci-info: |   lo   | True |         127.0.0.1          |   255.0.0.0   |  host  |         .         |
[   15.311191] cloud-init[956]: ci-info: |   lo   | True |          ::1/128           |       .       |  host  |         .         |
[   15.313053] cloud-init[956]: ci-info: +--------+------+----------------------------+---------------+--------+-------------------+
[   15.314864] cloud-init[956]: ci-info: +++++++++++++++++++++++++++Route IPv4 info++++++++++++++++++++++++++++
[   15.315832] cloud-init[956]: ci-info: +-------+-------------+----------+---------------+-----------+-------+
[   15.317076] cloud-init[956]: ci-info: | Route | Destination | Gateway  |    Genmask    | Interface | Flags |
[   15.318030] cloud-init[956]: ci-info: +-------+-------------+----------+---------------+-----------+-------+
[   15.319359] cloud-init[956]: ci-info: |   0   |   0.0.0.0   | 10.0.2.2 |    0.0.0.0    |   enp0s3  |   UG  |
[   15.320746] cloud-init[956]: ci-info: |   1   |   10.0.2.0  | 0.0.0.0  | 255.255.255.0 |   enp0s3  |   U   |
[   15.322342] cloud-init[956]: ci-info: +-------+-------------+----------+---------------+-----------+-------+
[   15.323886] cloud-init[956]: ci-info: +++++++++++++++++++Route IPv6 info+++++++++++++++++++
[   15.325022] cloud-init[956]: ci-info: +-------+-------------+---------+-----------+-------+
[   15.326379] cloud-init[956]: ci-info: | Route | Destination | Gateway | Interface | Flags |
[   15.327548] cloud-init[956]: ci-info: +-------+-------------+---------+-----------+-------+
[   15.328951] cloud-init[956]: ci-info: |   0   |  fe80::/64  |    ::   |   enp0s3  |   U   |
[   15.330176] cloud-init[956]: ci-info: |   3   |   ff00::/8  |    ::   |   enp0s3  |   U   |
[   15.338721] [[0;32m  OK  [0m] Started Initial cloud-init job (metadata service crawler).
cloud-init[956]: ci-info: +-------+-------------+---------+-----------+-------+
[   15.340377] [[0;32m  OK  [0m] Reached target System Initialization.
cloud-init[956]: Generating public/private rsa key pair.
[   15.341717] cloud-init[956]: Your identification has been saved in /etc/ssh/ssh_host_rsa_key.
[   15.342819] cloud-init[956]: Your public key has been saved in /etc/ssh/ssh_host_rsa_key.pub.
[   15.343908] cloud-init[956]: The key fingerprint is:
[   15.344862] cloud-init[956]: SHA256:TZEi/pKb2niamWNIz2lVTqwRMUK+9+ZyBzA2XvTkxcA root@ubuntu-xenial
[   15.345840] cloud-init[956]: The key's randomart image is:
[   15.346815] cloud-init[956]: +---[RSA 2048]----+
[   15.347480] cloud-init[956]: |   .o o. .o+     |
[   15.348181] cloud-init[956]: |   . .o.o E.o    |
[   15.348856] cloud-init[956]: |    .. = =..     |
[   15.349767] cloud-init[956]: |     .B =oo      |
[   15.350660] cloud-init[956]: |    .o.&S .      |
[   15.352213]          Starting LXD - unix socket.
         Starting Socket activation for snappy daemon.
[[0;32m  OK  [0m] Listening on ACPID Listen Socket.
[[0;32m  OK  [0m] Started Message of the Day.
[[0;32m  OK  [0m] Listening on UUID daemon activation socket.
[[0;32m  OK  [0m] Listening on D-Bus System Message Bus Socket.
cloud-init[956]: |  .  .*.+        |
[   15.356145] [[0;32m  OK  [0m] Started ACPI Events Check.
[[0;32m  OK  [0m] Reached target Paths.
[[0;32m  OK  [0m] Started Daily apt download activities.
[[0;32m  OK  [0m] Started Daily apt upgrade and clean activities.
[[0;32m  OK  [0m] Started Ubuntu Advantage update messaging.
[[0;32m  OK  [0m] Started Daily Cleanup of Temporary Directories.
[[0;32m  OK  [0m] Reached target Timers.
[[0;32m  OK  [0m] Reached target Network is Online.
cloud-init[956]: | . + o +o.       |
[   15.361072] cloud-init[956]: |  . B*=o. .      |
[   15.361995] cloud-init[956]: |   oB=.o..       |
[   15.363015] cloud-init[956]: +----[SHA256]-----+
[   15.363664] cloud-init[956]: Generating public/private dsa key pair.
[   15.364554] cloud-init[956]: Your identification has been saved in /etc/ssh/ssh_host_dsa_key.
[   15.366130] cloud-init[956]: Your public key has been saved in /etc/ssh/ssh_host_dsa_key.pub.
[   15.368269] cloud-init[956]: The key fingerprint is:
[   15.369763] cloud-init[956]: SHA256:3QxigikWGeM6CBvntlUlGlJc+pNyjgN/6ESr0zr0eHc root@ubuntu-xenial
[   15.370960] cloud-init[956]: The key's randomart image is:
[   15.372039]          Starting iSCSI initiator daemon (iscsid)...
[[0;32m  OK  [0m] Reached target Cloud-config availability.
[[0;32m  OK  [0m] Listening on LXD - unix socket.
[[0;32m  OK  [0m] Listening on Socket activation for snappy daemon.
[[0;32m  OK  [0m] Reached target Sockets.
[[0;32m  OK  [0m] Reached target Basic System.
cloud-init         Starting Virtualbox guest utils...
[956]: +---[DSA 1024]----+
         Starting LXD - container startup/shutdown...
[   15.384601]          Starting LSB: Record successful boot for GRUB...
cloud-init[956]: |  ==o.o .        |         Starting LSB: MD monitoring daemon...

[   15.388313] cloud-init[956]: | ..+.* o         |
[   15.393438] cloud-init[956]: |o = = o o .      |
[   15.394279] cloud-init[956]: |oB . o + o +     |
[   15.395130] cloud-init[956]: |= + + = S . o    |
[   15.396446] cloud-init[956]: | o.* B .         |
[   15.397682] cloud-init[956]: | ..+B o          |
[   15.398770] cloud-init[956]: |  +++o. E        |
[   15.399558] cloud-init[956]: |  o=.. .         |
[[0;32m  OK  [0m] Started Regular background program processing daemon.
         Starting Accounts Service...
[   15.401654] cloud-init[956]: +----[SHA256]-----+
[   15.402452] [[0;32m  OK  [0m] Started Deferred execution scheduler.
cloud-init[956]: Generating public/private ecdsa key pair.
[[0;32m  OK  [0m] Started FUSE filesystem for LXC.
[   15.405902] cloud-init[956]: Your identification has been saved in /etc/ssh/ssh_host_ecdsa_key.
[   15.406843] cloud-init[956]: Your public key has been saved in /etc/ssh/ssh_host_ecdsa_key.pub.
[   15.408877]          cloud-initStarting System Logging Service...[956]: 
The key fingerprint is:
[   15.410390] cloud-init[956]: SHA256:fgsxrKP7Hz/43eVnIop8z9eGE0VRzZNC/mx6qHkNYGk root@ubuntu-xenial
         Starting Pollinate to seed the pseudo random number generator...
         Starting /etc/rc.local Compatibility...
[   15.413159] cloud-init[956]: The key's randomart image is:
[   15.422150] cloud-init[956]: +---[ECDSA 256]---+
[   15.423024] cloud-init[956]: |            .. o*|
[   15.423941] cloud-init[956]: |            .. o+|
[   15.424819] cloud-init[956]: |            .....|
[   15.425770] cloud-init[956]: |       .   E  o .|
[   15.427825] cloud-init[956]: |        S o .  = |
[   15.428819] cloud-init[956]: |       o o   .=  |
[   15.429741] cloud-init[956]: |      o +..  oo=.|
[   15.430665] cloud-init[956]: |     . o.*o++o*+=|
[   15.431575] cloud-init[956]: |    oo..+o=*=o.=o|
[   15.432664] cloud-init[956]: +----[SHA256]-----+
[   15.434123] cloud-init[956]: Generating public/private ed25519 key pair.
[   15.436577] cloud-init[956]: Your identification has been saved in /etc/ssh/ssh_host_ed25519_key.
[   15.437890] cloud-init[956]: Your public key has been saved in /etc/ssh/ssh_host_ed25519_key.pub.
[   15.439032] cloud-init[956]: The key fingerprint is:
[   15.444242] cloud-init[956]: SHA256:Qp6VUrrveL9/gmqAb49WAqv3An5v2pCrM9Bnq0xMX6E root@ubuntu-xenial
[   15.445458] cloud-init[956]: The key's randomart image is:
[   15.446262] cloud-init[956]: +--[ED25519 256]--+
[   15.447071] cloud-init[956]: |        .        |
[   15.448095] cloud-init[956]: |       o .       |
[   15.449942] cloud-init[956]: |      = o        |
[   15.456272] cloud-init[956]: |    .+ *         |
[   15.457125] cloud-init[956]: | .. E+* S        |
[   15.458041] cloud-init[956]: |.oo.=ooo.        |
[   15.458941] cloud-init[956]: | oo=+o +.  .     |
[   15.459858] cloud-init[956]: | o= =+=+o . . .  |
[   15.468572] cloud-init[956]: |  +BoO*++ooo.o   |
[   15.469504] cloud-init[956]: +----[SHA256]-----+
[[0;32m  OK  [0m] Started ACPI event daemon.
         Starting Login Service...
[[0;32m  OK  [0m] Started D-Bus System Message Bus.
         Starting Snap Daemon...
[[0;32m  OK  [0m] Started System Logging Service.
[[0;32m  OK  [0m] Started /etc/rc.local Compatibility.
[[0;32m  OK  [0m] Started Login Service.
[[0;32m  OK  [0m] Started Unattended Upgrades Shutdown.
[[0;32m  OK  [0m] Started LSB: Record successful boot for GRUB.
[[0;32m  OK  [0m] Started iSCSI initiator daemon (iscsid).
         Starting Login to default iSCSI targets...
[[0;32m  OK  [0m] Started LSB: MD monitoring daemon.
         Starting Authenticate and Authorize Users to Run Privileged Tasks...
[[0;32m  OK  [0m] Started Login to default iSCSI targets.
[[0;32m  OK  [0m] Reached target Remote File Systems (Pre).
[[0;32m  OK  [0m] Reached target Remote File Systems.
         Starting Permit User Sessions...
         Starting LSB: automatic crash report generation...
         Starting LSB: daemon to balance interrupts for SMP systems...
         Starting LSB: Set the CPU Frequency Scaling governor to "ondemand"...
[[0;32m  OK  [0m] Started LSB: Set the CPU Frequency Scaling governor to "ondemand".
[[0;32m  OK  [0m] Started Permit User Sessions.
         Starting Terminate Plymouth Boot Screen...
         Starting Hold until boot process finishes up...
[[0;32m  OK  [0m] Started Hold until boot process finishes up.
         Starting Set console scheme...
[[0;32m  OK  [0m] Started Getty on tty1.
[[0;32m  OK  [0m] Started Serial Getty on ttyS0.
[[0;32m  OK  [0m] Reached target Login Prompts.
[[0;32m  OK  [0m] Started Terminate Plymouth Boot Screen.
[[0;32m  OK  [0m] Started Set console scheme.
[[0;32m  OK  [0m] Started LSB: daemon to balance interrupts for SMP systems.
[[0;32m  OK  [0m] Started LSB: automatic crash report generation.
[[0;32m  OK  [0m] Started Virtualbox guest utils.
[[0;32m  OK  [0m] Started Authenticate and Authorize Users to Run Privileged Tasks.
[[0;32m  OK  [0m] Started Accounts Service.
[[0;32m  OK  [0m] Started LXD - container startup/shutdown.
[[0;32m  OK  [0m] Started Snap Daemon.
         Starting Wait until snapd is fully seeded...
[[0;32m  OK  [0m] Started Pollinate to seed the pseudo random number generator.
         Starting OpenBSD Secure Shell server...
[[0;32m  OK  [0m] Started OpenBSD Secure Shell server.
[[0;32m  OK  [0m] Created slice User Slice of vagrant.
         Starting User Manager for UID 1000...
[[0;32m  OK  [0m] Started Session 1 of user vagrant.
[[0;32m  OK  [0m] Started User Manager for UID 1000.
[[0;32m  OK  [0m] Started Wait until snapd is fully seeded.
[[0;32m  OK  [0m] Reached target Multi-User System.
[[0;32m  OK  [0m] Reached target Graphical Interface.
         Starting Update UTMP about System Runlevel Changes...
         Starting Apply the settings specified in cloud-config...
[[0;32m  OK  [0m] Started Update UTMP about System Runlevel Changes.
[   21.684010] cloud-init[1403]: Generating locales (this might take a while)...
[   22.563050] cloud-init[1403]:   en_US.UTF-8... done
[   22.564178] cloud-init[1403]: Generation complete.

Ubuntu 16.04.7 LTS ubuntu-xenial ttyS0

ubuntu-xenial login: [   23.557609] cloud-init[1403]: Cloud-init v. 21.1-19-gbad84ad4-0ubuntu1~16.04.2 running 'modules:config' at Wed, 24 Nov 2021 14:29:38 +0000. Up 21.47 seconds.
ci-info: no authorized SSH keys fingerprints found for user ubuntu.
<14>Nov 24 14:29:40 ec2: 
<14>Nov 24 14:29:40 ec2: #############################################################
<14>Nov 24 14:29:40 ec2: -----BEGIN SSH HOST KEY FINGERPRINTS-----
<14>Nov 24 14:29:40 ec2: 1024 SHA256:3QxigikWGeM6CBvntlUlGlJc+pNyjgN/6ESr0zr0eHc root@ubuntu-xenial (DSA)
<14>Nov 24 14:29:40 ec2: 256 SHA256:fgsxrKP7Hz/43eVnIop8z9eGE0VRzZNC/mx6qHkNYGk root@ubuntu-xenial (ECDSA)
<14>Nov 24 14:29:40 ec2: 256 SHA256:Qp6VUrrveL9/gmqAb49WAqv3An5v2pCrM9Bnq0xMX6E root@ubuntu-xenial (ED25519)
<14>Nov 24 14:29:40 ec2: 2048 SHA256:TZEi/pKb2niamWNIz2lVTqwRMUK+9+ZyBzA2XvTkxcA root@ubuntu-xenial (RSA)
<14>Nov 24 14:29:40 ec2: -----END SSH HOST KEY FINGERPRINTS-----
<14>Nov 24 14:29:40 ec2: #############################################################
-----BEGIN SSH HOST KEY KEYS-----
ecdsa-sha2-nistp256 AAAAE2VjZHNhLXNoYTItbmlzdHAyNTYAAAAIbmlzdHAyNTYAAABBBHEIRt2PpMGWbPpGyNryya4vJxzqLy7Pk928DpGk58XipbylOSM4pPpIKWA+QI/8+gabjf3r9MY0V4gnHJCKgsU= root@ubuntu-xenial
ssh-ed25519 AAAAC3NzaC1lZDI1NTE5AAAAIL7QC6dw+oj15N5XijB76qKVYbqEOxGewhT1wWxZiKce root@ubuntu-xenial
ssh-rsa AAAAB3NzaC1yc2EAAAADAQABAAABAQDJ3zLlZUFAd1N7zqNjAwWrFUDu8jSrTJSG6szVkS9l9/messtHbX6+wWJLFfQffMaJTMcJ5LGuqQ9p1A4pMAtHSL2sp3ffHvCweuwvQkWgXHMyRxCAqe2XmOT8mtJisctRESbOto2nOSNKDV1rDI28i8vmN8mF25kMsKl7n8ZFd+n47grLHHFIbO2pAT4Gn3aH9Ixsx6uXDE4iH6NDxUpCUaiOP5Yo72Df+Kiqxyg/1feAbdVw0KSeLkbwEcLl7p2VYHOHVdobkhCvL6GJXmjf6rUYo5wuSOv1mI+VhbDinqCIepeX6Z7J5asizIeH4ikiKNgvzyuCArrO1v6lXlXx root@ubuntu-xenial
-----END SSH HOST KEY KEYS-----
[   24.116558] cloud-init[1622]: Cloud-init v. 21.1-19-gbad84ad4-0ubuntu1~16.04.2 running 'modules:final' at Wed, 24 Nov 2021 14:29:40 +0000. Up 23.90 seconds.
[   24.116865] cloud-init[1622]: ci-info: no authorized SSH keys fingerprints found for user ubuntu.
[   24.117224] cloud-init[1622]: Cloud-init v. 21.1-19-gbad84ad4-0ubuntu1~16.04.2 finished at Wed, 24 Nov 2021 14:29:40 +0000. Datasource DataSourceNoCloud [seed=/dev/sdb][dsmode=net].  Up 24.10 seconds
